TN:
SF:src/lib/components/ActionButton.svelte
FN:30,handleClick
FNF:1
FNH:1
FNDA:4,handleClick
DA:1,1
DA:15,1
DA:16,1
DA:17,1
DA:24,1
DA:25,1
DA:26,1
DA:27,1
DA:30,1
DA:31,4
DA:32,4
DA:36,1
DA:37,1
DA:38,1
DA:39,1
DA:40,1
DA:42,1
DA:43,1
LF:18
LH:18
BRDA:30,0,0,4
BRDA:31,1,0,3
BRDA:43,2,0,31
BRDA:42,3,0,31
BRDA:42,4,0,50
BRDA:39,5,0,31
BRDA:39,6,0,50
BRDA:39,7,0,48
BRDA:40,8,0,26
BRF:9
BRH:9
end_of_record
TN:
SF:src/lib/components/LabView.svelte
FN:71,on_click
FN:72,on_click_1
FN:9,withLoading
FN:29,refresh
FN:45,handleCorrect
FN:46,handleFinalize
FNF:6
FNH:6
FNDA:1,on_click
FNDA:1,on_click_1
FNDA:2,withLoading
FNDA:10,refresh
FNDA:1,handleCorrect
FNDA:1,handleFinalize
DA:1,1
DA:5,1
DA:6,1
DA:7,1
DA:9,1
DA:10,2
DA:11,2
DA:12,2
DA:13,2
DA:14,2
DA:15,2
DA:16,2
DA:17,0
DA:18,0
DA:19,2
DA:20,2
DA:21,0
DA:22,0
DA:23,0
DA:24,2
DA:25,2
DA:26,2
DA:27,2
DA:29,1
DA:30,10
DA:31,10
DA:32,10
DA:33,10
DA:34,10
DA:35,10
DA:36,10
DA:37,0
DA:38,0
DA:39,0
DA:40,10
DA:41,10
DA:42,10
DA:43,10
DA:45,1
DA:46,1
DA:48,1
DA:56,1
DA:60,1
DA:64,1
DA:67,1
DA:69,1
DA:71,1
DA:72,1
LF:48
LH:40
BRDA:71,0,0,1
BRDA:72,1,0,1
BRDA:9,2,0,2
BRDA:16,3,0,0
BRDA:20,4,0,0
BRDA:29,5,0,10
BRDA:34,6,0,9
BRDA:34,7,0,1
BRDA:36,8,0,0
BRDA:45,9,0,1
BRDA:45,10,0,1
BRDA:46,11,0,1
BRDA:46,12,0,1
BRDA:67,13,0,5
BRDA:67,14,0,6
BRDA:67,15,0,5
BRDA:67,16,0,6
BRDA:69,17,0,4
BRDA:64,18,0,6
BRDA:64,19,0,5
BRF:20
BRH:17
end_of_record
TN:
SF:src/lib/components/LogPanel.svelte
FNF:0
FNH:0
DA:1,1
DA:10,1
DA:12,1
DA:13,7
DA:14,1
DA:15,7
DA:16,1
DA:22,1
DA:24,1
DA:25,1
LF:10
LH:10
BRDA:12,0,0,7
BRDA:13,1,0,1
BRDA:22,2,0,7
BRF:3
BRH:3
end_of_record
TN:
SF:src/lib/components/QueueColumn.svelte
FN:12,__vite_ssr_import_1__.snippet.file.file
FNF:1
FNH:1
FNDA:7,__vite_ssr_import_1__.snippet.file.file
DA:1,1
DA:9,1
DA:12,1
DA:14,1
LF:4
LH:4
BRDA:9,0,0,15
BRDA:12,1,0,7
BRDA:12,2,0,7
BRDA:12,3,0,15
BRDA:14,4,0,8
BRF:5
BRH:5
end_of_record
TN:
SF:src/lib/components/SettingsView.svelte
FN:34,saveSettings
FN:16,loadSettings
FNF:2
FNH:2
FNDA:2,saveSettings
FNDA:3,loadSettings
DA:1,1
DA:5,1
DA:6,1
DA:7,1
DA:8,1
DA:9,1
DA:16,1
DA:17,3
DA:18,3
DA:19,3
DA:20,3
DA:21,3
DA:22,2
DA:23,2
DA:24,2
DA:25,3
DA:26,1
DA:27,1
DA:28,1
DA:29,3
DA:30,3
DA:31,3
DA:32,3
DA:34,1
DA:35,2
DA:36,2
DA:37,2
DA:38,2
DA:39,2
DA:40,1
DA:41,1
DA:42,1
DA:43,1
DA:44,1
DA:45,2
DA:46,2
DA:47,2
DA:48,2
DA:50,1
DA:51,3
DA:52,1
DA:64,1
DA:67,1
DA:76,1
DA:79,1
DA:84,1
DA:86,1
DA:88,1
DA:95,1
DA:96,1
DA:97,1
LF:51
LH:51
BRDA:34,0,0,2
BRDA:39,1,0,1
BRDA:16,2,0,3
BRDA:21,3,0,2
BRDA:25,4,0,1
BRDA:50,5,0,3
BRDA:88,6,0,5
BRDA:88,7,0,8
BRDA:96,8,0,10
BRDA:96,9,0,8
BRDA:96,10,0,2
BRDA:96,11,0,8
BRDA:95,12,0,10
BRDA:64,13,0,9
BRDA:64,14,0,1
BRDA:76,15,0,9
BRDA:76,16,0,1
BRF:17
BRH:17
end_of_record
TN:
SF:src/routes/+layout.svelte
FNF:0
FNH:0
DA:1,1
DA:9,1
LF:2
LH:2
BRDA:9,0,0,1
BRF:1
BRH:1
end_of_record
TN:
SF:src/routes/+page.svelte
FN:96,on_click
FN:97,on_click_1
FN:98,on_click_2
FN:130,on_click_3
FN:137,on_click_4
FN:152,on_click_5
FN:20,withLoading
FN:41,handleTriage
FN:42,handleOcr
FN:43,handleSummarizeBatch
FN:44,handleSummarizeSingle
FN:49,handleCorrect
FN:54,handleFinalize
FN:59,refreshAllQueues
FN:126,file
FN:148,file
FNF:16
FNH:8
FNDA:0,on_click
FNDA:0,on_click_1
FNDA:0,on_click_2
FNDA:0,on_click_3
FNDA:1,on_click_4
FNDA:0,on_click_5
FNDA:3,withLoading
FNDA:1,handleTriage
FNDA:1,handleOcr
FNDA:0,handleSummarizeBatch
FNDA:0,handleSummarizeSingle
FNDA:0,handleCorrect
FNDA:1,handleFinalize
FNDA:9,refreshAllQueues
FNDA:11,file
FNDA:4,file
DA:1,1
DA:11,1
DA:12,1
DA:13,1
DA:14,1
DA:15,1
DA:16,1
DA:17,1
DA:20,1
DA:21,3
DA:22,3
DA:23,3
DA:24,3
DA:25,3
DA:26,2
DA:27,3
DA:28,0
DA:29,0
DA:30,2
DA:31,2
DA:32,1
DA:33,1
DA:34,1
DA:35,1
DA:36,3
DA:37,3
DA:38,3
DA:39,3
DA:41,1
DA:42,1
DA:43,1
DA:44,1
DA:45,0
DA:46,0
DA:47,0
DA:49,1
DA:50,0
DA:51,0
DA:52,0
DA:54,1
DA:55,1
DA:59,1
DA:60,9
DA:61,9
DA:62,9
DA:63,9
DA:64,9
DA:65,9
DA:66,9
DA:67,9
DA:70,9
DA:71,9
DA:72,9
DA:73,9
DA:75,9
DA:76,9
DA:77,0
DA:78,0
DA:79,0
DA:80,0
DA:81,9
DA:82,9
DA:83,9
DA:84,9
DA:86,1
DA:96,1
DA:97,1
DA:98,1
DA:101,1
DA:103,1
DA:106,1
DA:109,1
DA:112,1
DA:118,1
DA:124,1
DA:125,1
DA:126,1
DA:127,1
DA:130,1
DA:137,1
DA:146,1
DA:147,1
DA:148,1
DA:149,1
DA:152,1
DA:162,1
DA:164,1
LF:87
LH:75
BRDA:137,0,0,1
BRDA:20,1,0,3
BRDA:24,2,0,2
BRDA:25,3,0,2
BRDA:27,4,0,0
BRDA:29,5,0,2
BRDA:31,6,0,1
BRDA:33,7,0,0
BRDA:33,8,0,0
BRDA:41,9,0,1
BRDA:41,10,0,1
BRDA:42,11,0,1
BRDA:42,12,0,1
BRDA:54,13,0,1
BRDA:55,14,0,1
BRDA:59,15,0,9
BRDA:76,16,0,0
BRDA:126,17,0,11
BRDA:127,18,0,5
BRDA:148,19,0,4
BRDA:149,20,0,2
BRDA:118,21,0,28
BRDA:101,22,0,0
BRDA:96,23,0,6
BRDA:97,24,0,6
BRDA:98,25,0,6
BRF:26
BRH:21
end_of_record
